<?xml version="1.0" encoding="UTF-8"?>
<testsuite xmlns:xsi="http://www.w3.org/2001/XMLSchema-instance" xsi:noNamespaceSchemaLocation="https://maven.apache.org/surefire/maven-surefire-plugin/xsd/surefire-test-report.xsd" name="pe.edu.upeu.reforzamiento.AppTest" time="0.162" tests="1" errors="0" skipped="0" failures="0">
  <properties>
    <property name="java.specification.version" value="14"/>
    <property name="sun.cpu.isalist" value="amd64"/>
    <property name="sun.jnu.encoding" value="Cp1252"/>
    <property name="java.class.path" value="D:\DESARROLLO 2020\FundamentosProgG2\PyReforzamiento\target\test-classes;D:\DESARROLLO 2020\FundamentosProgG2\PyReforzamiento\target\classes;C:\Users\davidmp\.m2\repository\junit\junit\4.11\junit-4.11.jar;C:\Users\davidmp\.m2\repository\org\hamcrest\hamcrest-core\1.3\hamcrest-core-1.3.jar;"/>
    <property name="java.vm.vendor" value="Oracle Corporation"/>
    <property name="sun.arch.data.model" value="64"/>
    <property name="user.variant" value=""/>
    <property name="java.vendor.url" value="https://java.oracle.com/"/>
    <property name="user.timezone" value="America/Bogota"/>
    <property name="user.country.format" value="PE"/>
    <property name="os.name" value="Windows 7"/>
    <property name="java.vm.specification.version" value="14"/>
    <property name="sun.java.launcher" value="SUN_STANDARD"/>
    <property name="user.country" value="US"/>
    <property name="sun.boot.library.path" value="E:\INSTALADORES\jdk-14\bin"/>
    <property name="sun.java.command" value="C:\Users\davidmp\AppData\Local\Temp\surefire10431760719209641781\surefirebooter10907523113588398220.jar C:\Users\davidmp\AppData\Local\Temp\surefire10431760719209641781 2020-06-23T17-27-05_455-jvmRun1 surefire18371043880189350859tmp surefire_01659504497106648477tmp"/>
    <property name="jdk.debug" value="release"/>
    <property name="surefire.test.class.path" value="D:\DESARROLLO 2020\FundamentosProgG2\PyReforzamiento\target\test-classes;D:\DESARROLLO 2020\FundamentosProgG2\PyReforzamiento\target\classes;C:\Users\davidmp\.m2\repository\junit\junit\4.11\junit-4.11.jar;C:\Users\davidmp\.m2\repository\org\hamcrest\hamcrest-core\1.3\hamcrest-core-1.3.jar;"/>
    <property name="sun.cpu.endian" value="little"/>
    <property name="user.home" value="C:\Users\davidmp"/>
    <property name="user.language" value="en"/>
    <property name="java.specification.vendor" value="Oracle Corporation"/>
    <property name="java.version.date" value="2020-03-17"/>
    <property name="java.home" value="E:\INSTALADORES\jdk-14"/>
    <property name="file.separator" value="\"/>
    <property name="basedir" value="D:\DESARROLLO 2020\FundamentosProgG2\PyReforzamiento"/>
    <property name="java.vm.compressedOopsMode" value="32-bit"/>
    <property name="line.separator" value="&#10;"/>
    <property name="java.vm.specification.vendor" value="Oracle Corporation"/>
    <property name="java.specification.name" value="Java Platform API Specification"/>
    <property name="surefire.real.class.path" value="C:\Users\davidmp\AppData\Local\Temp\surefire10431760719209641781\surefirebooter10907523113588398220.jar"/>
    <property name="user.script" value=""/>
    <property name="sun.management.compiler" value="HotSpot 64-Bit Tiered Compilers"/>
    <property name="java.runtime.version" value="14+36-1461"/>
    <property name="user.name" value="davidmp"/>
    <property name="path.separator" value=";"/>
    <property name="os.version" value="6.1"/>
    <property name="java.runtime.name" value="OpenJDK Runtime Environment"/>
    <property name="file.encoding" value="Cp1252"/>
    <property name="java.vm.name" value="OpenJDK 64-Bit Server VM"/>
    <property name="localRepository" value="C:\Users\davidmp\.m2\repository"/>
    <property name="java.vendor.url.bug" value="https://bugreport.java.com/bugreport/"/>
    <property name="java.io.tmpdir" value="C:\Users\davidmp\AppData\Local\Temp\"/>
    <property name="java.version" value="14"/>
    <property name="user.dir" value="D:\DESARROLLO 2020\FundamentosProgG2\PyReforzamiento"/>
    <property name="os.arch" value="amd64"/>
    <property name="java.vm.specification.name" value="Java Virtual Machine Specification"/>
    <property name="user.language.format" value="es"/>
    <property name="sun.os.patch.level" value="Service Pack 1"/>
    <property name="java.library.path" value="E:\INSTALADORES\jdk-14\bin;C:\windows\Sun\Java\bin;C:\windows\system32;C:\windows;C:\Users\davidmp\Anaconda3\condabin;C:\Program Files\Common Files\Microsoft Shared\Windows Live;C:\Program Files (x86)\Common Files\Microsoft Shared\Windows Live;C:\windows\system32;C:\windows;C:\windows\System32\Wbem;C:\windows\System32\WindowsPowerShell\v1.0\;C:\Program Files (x86)\Windows Live\Shared;C:\Program Files\R\RSuiteCLI\;D:\DAVIDMP 2018\AMBIENTES DE PRUEBAS DE SOFTWARE\apache-ant-1.9.11\bin;C:\jruby-9.1.16.0\bin;D:\DESARROLLO ANDROID\openssl-0.9.8k_X64\bin;D:\TESTDRIVERS;C:\Users\davidmp\Anaconda3\Scripts;C:\Users\davidmp\Anaconda3;C:\Program Files (x86)\Statgraphics\STATGRAPHICS Centurion XVI.I\;C:\Program Files (x86)\Yarn\bin\;C:\DATOS 2019\gradle-5.4\bin;C:\LP2 U2\mongodb-win32-x86_64-2008plus-ssl-4.0.4\bin;C:\Program Files\Oberthur Technologies\AuthentIC Webpack\Dlls;C:\Program Files (x86)\Oberthur Technologies\AuthentIC Webpack\Dlls;C:\LINGO64_18\;C:\DATOS 2019\kotlinc\bin;C:\DATOS 2019\flutter\bin;C:\Users\davidmp\.cargo\bin;D:\DESARROLLO ANDROID\sdk\platform-tools;C:\Users\davidmp\Anaconda3\Lib\site-packages;C:\msys64\mingw64\bin;E:\xampp\php;C:\composer;E:\INSTALADORES\jdk-14\bin;C:\Program Files\nodejs\;C:\Program Files\Git\cmd;C:\Program Files\Git\mingw64\bin;C:\Program Files\Git\usr\bin;D:\DESARROLLO 2020\apache-maven-3.6.3\bin;C:\Users\davidmp\Anaconda3;C:\Users\davidmp\Anaconda3\Library\mingw-w64\bin;C:\Users\davidmp\Anaconda3\Library\usr\bin;C:\Users\davidmp\Anaconda3\Library\bin;C:\Users\davidmp\Anaconda3\Scripts;C:\Users\davidmp\.cargo\bin;c:\jruby-9.1.16.0\bin;C:\Ruby25-x64\bin;C:\Users\davidmp\AppData\Local\Yarn\bin;C:\Program Files\JetBrains\PyCharm Community Edition 2019.1.1\bin;;C:\Users\davidmp\AppData\Roaming\Composer\vendor\bin;C:\Users\davidmp\AppData\Roaming\npm;."/>
    <property name="java.vm.info" value="mixed mode, sharing"/>
    <property name="java.vendor" value="Oracle Corporation"/>
    <property name="java.vm.version" value="14+36-1461"/>
    <property name="sun.io.unicode.encoding" value="UnicodeLittle"/>
    <property name="java.class.version" value="58.0"/>
  </properties>
  <testcase name="shouldAnswerWithTrue" classname="pe.edu.upeu.reforzamiento.AppTest" time="0.006"/>
</testsuite>